2025-04-29 12:39:38 INFO: [NeuronsUMAP0StressB9DAPIFigureConfig] Init (log path: /home/labs/hornsteinlab/giliwo/NOVA_rotation/UMAP/UMAP_output/logs/290425_123938_613703_723548_giliwo_binbash.log; JOBID: 723548 Username: giliwo) JOBNAME: binbash
2025-04-29 12:39:38 INFO: [NeuronsUMAP0StressB9DAPIFigureConfig] NOVA_HOME=./NOVA_rotation/NOVA, NOVA_DATA_HOME=/home/labs/hornsteinlab/Collaboration/MOmaps/input
2025-04-29 12:39:46 INFO: [Generate SINGLE_MARKERS UMAP]
2025-04-29 12:39:52 INFO: saveroot: /home/labs/hornsteinlab/giliwo/NOVA_rotation/UMAP/UMAP_output/figures/neurons/UMAPs/SINGLE_MARKERS/batch9_all_reps_WT_all_conditions_DAPI_colored_by_CONDITIONS
2025-04-29 12:39:52 INFO: [AnalyzerUMAPSingleMarkers.calculate] Detected markers: ['G3BP1']
2025-04-29 12:39:52 INFO: Marker: G3BP1
2025-04-29 12:39:52 INFO: 97 indexes have been selected
2025-04-29 12:40:06 INFO: [calc_clustering_validation_metric] unique_labels count: 4, ['G3BP1_WT_Untreated_batch9_rep1' 'G3BP1_WT_Untreated_batch9_rep2'
 'G3BP1_WT_stress_batch9_rep1' 'G3BP1_WT_stress_batch9_rep2']
2025-04-29 12:40:08 INFO: [K Means Constrained clustering] size_min = 9
2025-04-29 12:40:09 INFO: [calc_clustering_validation_metric] ARI: 0.258
2025-04-29 12:40:10 INFO: [plot_umap] Detected markers: ['G3BP1']
2025-04-29 12:40:10 INFO: [plot_umap]: Marker: G3BP1
2025-04-29 12:40:10 INFO: [plot_umap]: 97 indexes have been selected
2025-04-29 12:40:10 INFO: mix_groups: False
2025-04-29 12:40:10 INFO: [_plot_umap_embeddings]: adding Untreated
2025-04-29 12:40:10 INFO: [_plot_umap_embeddings]: adding label - Stress
2025-04-29 12:40:10 INFO: [_plot_umap_embeddings]: adding stress
2025-04-29 12:40:10 INFO: [_plot_umap_embeddings]: adding label + Stress
2025-04-29 12:40:10 INFO: Saving plot to /home/labs/hornsteinlab/giliwo/NOVA_rotation/UMAP/UMAP_output/figures/neurons/UMAPs/SINGLE_MARKERS/batch9_all_reps_WT_all_conditions_DAPI_colored_by_CONDITIONS/G3BP1
2025-04-29 12:40:12 WARNING: The PostScript backend does not support transparency; partially transparent artists will be rendered opaque.
2025-04-29 12:40:14 INFO: Done
